   0.208107163s  INFO prepare_target{force=false package_id=stellar v0.1.0 (/home/Hermit/stellar) target="stellar"}: cargo::core::compiler::fingerprint: fingerprint error for stellar v0.1.0 (/home/Hermit/stellar)/Check { test: false }/TargetInner { name: "stellar", doc: true, ..: with_path("/home/Hermit/stellar/src/main.rs", Edition2024) }
   0.208136748s  INFO prepare_target{force=false package_id=stellar v0.1.0 (/home/Hermit/stellar) target="stellar"}: cargo::core::compiler::fingerprint:     err: failed to read `/home/Hermit/stellar/target/debug/.fingerprint/stellar-d684a40b0f741096/bin-stellar`

Caused by:
    No such file or directory (os error 2)

Stack backtrace:
   0: <unknown>
   1: <unknown>
   2: <unknown>
   3: <unknown>
   4: <unknown>
   5: <unknown>
   6: <unknown>
   7: <unknown>
   8: <unknown>
   9: <unknown>
  10: <unknown>
  11: <unknown>
  12: <unknown>
  13: <unknown>
  14: <unknown>
  15: <unknown>
  16: __libc_start_call_main
  17: __libc_start_main_alias_1
  18: <unknown>
   0.213218737s  INFO prepare_target{force=false package_id=smithay v0.7.0 (https://github.com/smithay//smithay#2928e4f3) target="smithay"}: cargo::core::compiler::fingerprint: fingerprint error for smithay v0.7.0 (https://github.com/smithay//smithay#2928e4f3)/Check { test: false }/TargetInner { name_inferred: true, ..: lib_target("smithay", ["lib"], "/home/Hermit/.cargo/git/checkouts/smithay-8afc145f12d649f4/2928e4f/src/lib.rs", Edition2021) }
   0.213244847s  INFO prepare_target{force=false package_id=smithay v0.7.0 (https://github.com/smithay//smithay#2928e4f3) target="smithay"}: cargo::core::compiler::fingerprint:     err: failed to read `/home/Hermit/stellar/target/debug/.fingerprint/smithay-e20b7a0afba614f5/lib-smithay`

Caused by:
    No such file or directory (os error 2)

Stack backtrace:
   0: <unknown>
   1: <unknown>
   2: <unknown>
   3: <unknown>
   4: <unknown>
   5: <unknown>
   6: <unknown>
   7: <unknown>
   8: <unknown>
   9: <unknown>
  10: <unknown>
  11: <unknown>
  12: <unknown>
  13: <unknown>
  14: <unknown>
  15: <unknown>
  16: <unknown>
  17: __libc_start_call_main
  18: __libc_start_main_alias_1
  19: <unknown>
   0.216404796s  INFO prepare_target{force=false package_id=input v0.9.1 target="input"}: cargo::core::compiler::fingerprint: fingerprint error for input v0.9.1/Check { test: false }/TargetInner { ..: lib_target("input", ["lib"], "/home/Hermit/.cargo/registry/src/index.crates.io-1949cf8c6b5b557f/input-0.9.1/src/lib.rs", Edition2018) }
   0.216420576s  INFO prepare_target{force=false package_id=input v0.9.1 target="input"}: cargo::core::compiler::fingerprint:     err: failed to read `/home/Hermit/stellar/target/debug/.fingerprint/input-6082d38b3447746b/lib-input`

Caused by:
    No such file or directory (os error 2)

Stack backtrace:
   0: <unknown>
   1: <unknown>
   2: <unknown>
   3: <unknown>
   4: <unknown>
   5: <unknown>
   6: <unknown>
   7: <unknown>
   8: <unknown>
   9: <unknown>
  10: <unknown>
  11: <unknown>
  12: <unknown>
  13: <unknown>
  14: <unknown>
  15: <unknown>
  16: <unknown>
  17: <unknown>
  18: __libc_start_call_main
  19: __libc_start_main_alias_1
  20: <unknown>
   0.216724117s  INFO prepare_target{force=false package_id=udev v0.9.3 target="udev"}: cargo::core::compiler::fingerprint: fingerprint error for udev v0.9.3/Check { test: false }/TargetInner { ..: lib_target("udev", ["lib"], "/home/Hermit/.cargo/registry/src/index.crates.io-1949cf8c6b5b557f/udev-0.9.3/src/lib.rs", Edition2015) }
   0.216730990s  INFO prepare_target{force=false package_id=udev v0.9.3 target="udev"}: cargo::core::compiler::fingerprint:     err: failed to read `/home/Hermit/stellar/target/debug/.fingerprint/udev-72c91d9ea888af7a/lib-udev`

Caused by:
    No such file or directory (os error 2)

Stack backtrace:
   0: <unknown>
   1: <unknown>
   2: <unknown>
   3: <unknown>
   4: <unknown>
   5: <unknown>
   6: <unknown>
   7: <unknown>
   8: <unknown>
   9: <unknown>
  10: <unknown>
  11: <unknown>
  12: <unknown>
  13: <unknown>
  14: <unknown>
  15: <unknown>
  16: <unknown>
  17: <unknown>
  18: <unknown>
  19: __libc_start_call_main
  20: __libc_start_main_alias_1
  21: <unknown>
   0.217000117s  INFO prepare_target{force=false package_id=libudev-sys v0.1.4 target="libudev_sys"}: cargo::core::compiler::fingerprint: fingerprint error for libudev-sys v0.1.4/Check { test: false }/TargetInner { name_inferred: true, ..: lib_target("libudev_sys", ["lib"], "/home/Hermit/.cargo/registry/src/index.crates.io-1949cf8c6b5b557f/libudev-sys-0.1.4/src/lib.rs", Edition2015) }
   0.217007301s  INFO prepare_target{force=false package_id=libudev-sys v0.1.4 target="libudev_sys"}: cargo::core::compiler::fingerprint:     err: failed to read `/home/Hermit/stellar/target/debug/.fingerprint/libudev-sys-37056a908d8a7dd1/lib-libudev_sys`

Caused by:
    No such file or directory (os error 2)

Stack backtrace:
   0: <unknown>
   1: <unknown>
   2: <unknown>
   3: <unknown>
   4: <unknown>
   5: <unknown>
   6: <unknown>
   7: <unknown>
   8: <unknown>
   9: <unknown>
  10: <unknown>
  11: <unknown>
  12: <unknown>
  13: <unknown>
  14: <unknown>
  15: <unknown>
  16: <unknown>
  17: <unknown>
  18: <unknown>
  19: <unknown>
  20: __libc_start_call_main
  21: __libc_start_main_alias_1
  22: <unknown>
   0.217169897s  INFO prepare_target{force=false package_id=libudev-sys v0.1.4 target="build-script-build"}: cargo::core::compiler::fingerprint: fingerprint error for libudev-sys v0.1.4/RunCustomBuild/TargetInner { ..: custom_build_target("build-script-build", "/home/Hermit/.cargo/registry/src/index.crates.io-1949cf8c6b5b557f/libudev-sys-0.1.4/build.rs", Edition2015) }
   0.217176199s  INFO prepare_target{force=false package_id=libudev-sys v0.1.4 target="build-script-build"}: cargo::core::compiler::fingerprint:     err: failed to read `/home/Hermit/stellar/target/debug/.fingerprint/libudev-sys-a28c58bbc7a4f220/run-build-script-build-script-build`

Caused by:
    No such file or directory (os error 2)

Stack backtrace:
   0: <unknown>
   1: <unknown>
   2: <unknown>
   3: <unknown>
   4: <unknown>
   5: <unknown>
   6: <unknown>
   7: <unknown>
   8: <unknown>
   9: <unknown>
  10: <unknown>
  11: <unknown>
  12: <unknown>
  13: <unknown>
  14: <unknown>
  15: <unknown>
  16: <unknown>
  17: <unknown>
  18: <unknown>
  19: <unknown>
  20: <unknown>
  21: <unknown>
  22: __libc_start_call_main
  23: __libc_start_main_alias_1
  24: <unknown>
   0.217240400s  INFO prepare_target{force=false package_id=libseat v0.2.4 target="libseat"}: cargo::core::compiler::fingerprint: fingerprint error for libseat v0.2.4/Check { test: false }/TargetInner { ..: lib_target("libseat", ["lib"], "/home/Hermit/.cargo/registry/src/index.crates.io-1949cf8c6b5b557f/libseat-0.2.4/src/lib.rs", Edition2018) }
   0.217246070s  INFO prepare_target{force=false package_id=libseat v0.2.4 target="libseat"}: cargo::core::compiler::fingerprint:     err: failed to read `/home/Hermit/stellar/target/debug/.fingerprint/libseat-3fe580478a3ade9e/lib-libseat`

Caused by:
    No such file or directory (os error 2)

Stack backtrace:
   0: <unknown>
   1: <unknown>
   2: <unknown>
   3: <unknown>
   4: <unknown>
   5: <unknown>
   6: <unknown>
   7: <unknown>
   8: <unknown>
   9: <unknown>
  10: <unknown>
  11: <unknown>
  12: <unknown>
  13: <unknown>
  14: <unknown>
  15: <unknown>
  16: <unknown>
  17: <unknown>
  18: __libc_start_call_main
  19: __libc_start_main_alias_1
  20: <unknown>
   0.217463840s  INFO prepare_target{force=false package_id=libseat-sys v0.2.0 target="libseat_sys"}: cargo::core::compiler::fingerprint: fingerprint error for libseat-sys v0.2.0/Check { test: false }/TargetInner { ..: lib_target("libseat_sys", ["lib"], "/home/Hermit/.cargo/registry/src/index.crates.io-1949cf8c6b5b557f/libseat-sys-0.2.0/src/lib.rs", Edition2018) }
   0.217470373s  INFO prepare_target{force=false package_id=libseat-sys v0.2.0 target="libseat_sys"}: cargo::core::compiler::fingerprint:     err: failed to read `/home/Hermit/stellar/target/debug/.fingerprint/libseat-sys-7a28526c71f6f569/lib-libseat_sys`

Caused by:
    No such file or directory (os error 2)

Stack backtrace:
   0: <unknown>
   1: <unknown>
   2: <unknown>
   3: <unknown>
   4: <unknown>
   5: <unknown>
   6: <unknown>
   7: <unknown>
   8: <unknown>
   9: <unknown>
  10: <unknown>
  11: <unknown>
  12: <unknown>
  13: <unknown>
  14: <unknown>
  15: <unknown>
  16: <unknown>
  17: <unknown>
  18: <unknown>
  19: __libc_start_call_main
  20: __libc_start_main_alias_1
  21: <unknown>
   0.217605527s  INFO prepare_target{force=false package_id=libseat-sys v0.2.0 target="build-script-build"}: cargo::core::compiler::fingerprint: fingerprint error for libseat-sys v0.2.0/RunCustomBuild/TargetInner { ..: custom_build_target("build-script-build", "/home/Hermit/.cargo/registry/src/index.crates.io-1949cf8c6b5b557f/libseat-sys-0.2.0/build.rs", Edition2018) }
   0.217611228s  INFO prepare_target{force=false package_id=libseat-sys v0.2.0 target="build-script-build"}: cargo::core::compiler::fingerprint:     err: failed to read `/home/Hermit/stellar/target/debug/.fingerprint/libseat-sys-e0136258ec7556e2/run-build-script-build-script-build`

Caused by:
    No such file or directory (os error 2)

Stack backtrace:
   0: <unknown>
   1: <unknown>
   2: <unknown>
   3: <unknown>
   4: <unknown>
   5: <unknown>
   6: <unknown>
   7: <unknown>
   8: <unknown>
   9: <unknown>
  10: <unknown>
  11: <unknown>
  12: <unknown>
  13: <unknown>
  14: <unknown>
  15: <unknown>
  16: <unknown>
  17: <unknown>
  18: <unknown>
  19: <unknown>
  20: <unknown>
  21: __libc_start_call_main
  22: __libc_start_main_alias_1
  23: <unknown>
   0.221167634s  INFO prepare_target{force=false package_id=smithay-drm-extras v0.1.0 (https://github.com/Smithay/smithay.git#2928e4f3) target="smithay_drm_extras"}: cargo::core::compiler::fingerprint: fingerprint error for smithay-drm-extras v0.1.0 (https://github.com/Smithay/smithay.git#2928e4f3)/Check { test: false }/TargetInner { name_inferred: true, ..: lib_target("smithay_drm_extras", ["lib"], "/home/Hermit/.cargo/git/checkouts/smithay-312425d48e59d8c8/2928e4f/smithay-drm-extras/src/lib.rs", Edition2021) }
   0.221185207s  INFO prepare_target{force=false package_id=smithay-drm-extras v0.1.0 (https://github.com/Smithay/smithay.git#2928e4f3) target="smithay_drm_extras"}: cargo::core::compiler::fingerprint:     err: failed to read `/home/Hermit/stellar/target/debug/.fingerprint/smithay-drm-extras-604ed4e02f5baef1/lib-smithay_drm_extras`

Caused by:
    No such file or directory (os error 2)

Stack backtrace:
   0: <unknown>
   1: <unknown>
   2: <unknown>
   3: <unknown>
   4: <unknown>
   5: <unknown>
   6: <unknown>
   7: <unknown>
   8: <unknown>
   9: <unknown>
  10: <unknown>
  11: <unknown>
  12: <unknown>
  13: <unknown>
  14: <unknown>
  15: <unknown>
  16: <unknown>
  17: __libc_start_call_main
  18: __libc_start_main_alias_1
  19: <unknown>
   0.221401084s  INFO prepare_target{force=false package_id=libdisplay-info v0.3.0 target="libdisplay_info"}: cargo::core::compiler::fingerprint: fingerprint error for libdisplay-info v0.3.0/Check { test: false }/TargetInner { ..: lib_target("libdisplay_info", ["lib"], "/home/Hermit/.cargo/registry/src/index.crates.io-1949cf8c6b5b557f/libdisplay-info-0.3.0/src/lib.rs", Edition2021) }
   0.221409650s  INFO prepare_target{force=false package_id=libdisplay-info v0.3.0 target="libdisplay_info"}: cargo::core::compiler::fingerprint:     err: failed to read `/home/Hermit/stellar/target/debug/.fingerprint/libdisplay-info-f0f22426cd7879c3/lib-libdisplay_info`

Caused by:
    No such file or directory (os error 2)

Stack backtrace:
   0: <unknown>
   1: <unknown>
   2: <unknown>
   3: <unknown>
   4: <unknown>
   5: <unknown>
   6: <unknown>
   7: <unknown>
   8: <unknown>
   9: <unknown>
  10: <unknown>
  11: <unknown>
  12: <unknown>
  13: <unknown>
  14: <unknown>
  15: <unknown>
  16: <unknown>
  17: <unknown>
  18: __libc_start_call_main
  19: __libc_start_main_alias_1
  20: <unknown>
   0.221645133s  INFO prepare_target{force=false package_id=libdisplay-info-sys v0.3.0 target="libdisplay_info_sys"}: cargo::core::compiler::fingerprint: fingerprint error for libdisplay-info-sys v0.3.0/Check { test: false }/TargetInner { ..: lib_target("libdisplay_info_sys", ["lib"], "/home/Hermit/.cargo/registry/src/index.crates.io-1949cf8c6b5b557f/libdisplay-info-sys-0.3.0/src/lib.rs", Edition2021) }
   0.221651836s  INFO prepare_target{force=false package_id=libdisplay-info-sys v0.3.0 target="libdisplay_info_sys"}: cargo::core::compiler::fingerprint:     err: failed to read `/home/Hermit/stellar/target/debug/.fingerprint/libdisplay-info-sys-e7ce3db99665a99d/lib-libdisplay_info_sys`

Caused by:
    No such file or directory (os error 2)

Stack backtrace:
   0: <unknown>
   1: <unknown>
   2: <unknown>
   3: <unknown>
   4: <unknown>
   5: <unknown>
   6: <unknown>
   7: <unknown>
   8: <unknown>
   9: <unknown>
  10: <unknown>
  11: <unknown>
  12: <unknown>
  13: <unknown>
  14: <unknown>
  15: <unknown>
  16: <unknown>
  17: <unknown>
  18: <unknown>
  19: __libc_start_call_main
  20: __libc_start_main_alias_1
  21: <unknown>
   0.221805866s  INFO prepare_target{force=false package_id=libdisplay-info-sys v0.3.0 target="build-script-build"}: cargo::core::compiler::fingerprint: fingerprint error for libdisplay-info-sys v0.3.0/RunCustomBuild/TargetInner { ..: custom_build_target("build-script-build", "/home/Hermit/.cargo/registry/src/index.crates.io-1949cf8c6b5b557f/libdisplay-info-sys-0.3.0/build.rs", Edition2021) }
   0.221812318s  INFO prepare_target{force=false package_id=libdisplay-info-sys v0.3.0 target="build-script-build"}: cargo::core::compiler::fingerprint:     err: failed to read `/home/Hermit/stellar/target/debug/.fingerprint/libdisplay-info-sys-955b42a7c3ab89a3/run-build-script-build-script-build`

Caused by:
    No such file or directory (os error 2)

Stack backtrace:
   0: <unknown>
   1: <unknown>
   2: <unknown>
   3: <unknown>
   4: <unknown>
   5: <unknown>
   6: <unknown>
   7: <unknown>
   8: <unknown>
   9: <unknown>
  10: <unknown>
  11: <unknown>
  12: <unknown>
  13: <unknown>
  14: <unknown>
  15: <unknown>
  16: <unknown>
  17: <unknown>
  18: <unknown>
  19: <unknown>
  20: <unknown>
  21: __libc_start_call_main
  22: __libc_start_main_alias_1
  23: <unknown>
   0.224298479s  INFO prepare_target{force=false package_id=stellar v0.1.0 (/home/Hermit/stellar) target="stellar"}: cargo::core::compiler::fingerprint: fingerprint error for stellar v0.1.0 (/home/Hermit/stellar)/Check { test: true }/TargetInner { name: "stellar", doc: true, ..: with_path("/home/Hermit/stellar/src/main.rs", Edition2024) }
   0.224312455s  INFO prepare_target{force=false package_id=stellar v0.1.0 (/home/Hermit/stellar) target="stellar"}: cargo::core::compiler::fingerprint:     err: failed to read `/home/Hermit/stellar/target/debug/.fingerprint/stellar-e07c15d9e3055e70/test-bin-stellar`

Caused by:
    No such file or directory (os error 2)

Stack backtrace:
   0: <unknown>
   1: <unknown>
   2: <unknown>
   3: <unknown>
   4: <unknown>
   5: <unknown>
   6: <unknown>
   7: <unknown>
   8: <unknown>
   9: <unknown>
  10: <unknown>
  11: <unknown>
  12: <unknown>
  13: <unknown>
  14: <unknown>
  15: <unknown>
  16: __libc_start_call_main
  17: __libc_start_main_alias_1
  18: <unknown>
   Compiling libudev-sys v0.1.4
   Compiling libseat-sys v0.2.0
   Compiling libdisplay-info-sys v0.3.0
error: failed to run custom build command for `libseat-sys v0.2.0`
note: To improve backtraces for build dependencies, set the CARGO_PROFILE_DEV_BUILD_OVERRIDE_DEBUG=true environment variable to enable debug information generation.

Caused by:
  process didn't exit successfully: `/home/Hermit/stellar/target/debug/build/libseat-sys-4aa33ba6b8e2a9cf/build-script-build` (exit status: 101)
  --- stdout
  cargo:rerun-if-env-changed=LIBSEAT_NO_PKG_CONFIG
  cargo:rerun-if-env-changed=PKG_CONFIG_x86_64-unknown-linux-gnu
  cargo:rerun-if-env-changed=PKG_CONFIG_x86_64_unknown_linux_gnu
  cargo:rerun-if-env-changed=HOST_PKG_CONFIG
  cargo:rerun-if-env-changed=PKG_CONFIG
  cargo:rerun-if-env-changed=LIBSEAT_STATIC
  cargo:rerun-if-env-changed=LIBSEAT_DYNAMIC
  cargo:rerun-if-env-changed=PKG_CONFIG_ALL_STATIC
  cargo:rerun-if-env-changed=PKG_CONFIG_ALL_DYNAMIC
  cargo:rerun-if-env-changed=PKG_CONFIG_PATH_x86_64-unknown-linux-gnu
  cargo:rerun-if-env-changed=PKG_CONFIG_PATH_x86_64_unknown_linux_gnu
  cargo:rerun-if-env-changed=HOST_PKG_CONFIG_PATH
  cargo:rerun-if-env-changed=PKG_CONFIG_PATH
  cargo:rerun-if-env-changed=PKG_CONFIG_LIBDIR_x86_64-unknown-linux-gnu
  cargo:rerun-if-env-changed=PKG_CONFIG_LIBDIR_x86_64_unknown_linux_gnu
  cargo:rerun-if-env-changed=HOST_PKG_CONFIG_LIBDIR
  cargo:rerun-if-env-changed=PKG_CONFIG_LIBDIR
  cargo:rerun-if-env-changed=PKG_CONFIG_SYSROOT_DIR_x86_64-unknown-linux-gnu
  cargo:rerun-if-env-changed=PKG_CONFIG_SYSROOT_DIR_x86_64_unknown_linux_gnu
  cargo:rerun-if-env-changed=HOST_PKG_CONFIG_SYSROOT_DIR
  cargo:rerun-if-env-changed=PKG_CONFIG_SYSROOT_DIR

  --- stderr

  thread 'main' (25699) panicked at /home/Hermit/.cargo/registry/src/index.crates.io-1949cf8c6b5b557f/libseat-sys-0.2.0/build.rs:30:42:
  called `Result::unwrap()` on an `Err` value: 
  pkg-config exited with status code 1
  > PKG_CONFIG_ALLOW_SYSTEM_LIBS=1 PKG_CONFIG_ALLOW_SYSTEM_CFLAGS=1 pkg-config --libs --cflags libseat

  The system library `libseat` required by crate `libseat-sys` was not found.
  The file `libseat.pc` needs to be installed and the PKG_CONFIG_PATH environment variable must contain its parent directory.
  The PKG_CONFIG_PATH environment variable is not set.

  HINT: if you have installed the library, try setting PKG_CONFIG_PATH to the directory containing `libseat.pc`.

  stack backtrace:
     0: __rustc::rust_begin_unwind
               at /builddir/build/BUILD/rust-1.92.0-build/rustc-1.92.0-src/library/std/src/panicking.rs:698:5
     1: core::panicking::panic_fmt
               at /builddir/build/BUILD/rust-1.92.0-build/rustc-1.92.0-src/library/core/src/panicking.rs:80:14
     2: core::result::unwrap_failed
               at /builddir/build/BUILD/rust-1.92.0-build/rustc-1.92.0-src/library/core/src/result.rs:1862:5
     3: build_script_build::main
     4: core::ops::function::FnOnce::call_once
  note: Some details are omitted, run with `RUST_BACKTRACE=full` for a verbose backtrace.
warning: build failed, waiting for other jobs to finish...
error: failed to run custom build command for `libudev-sys v0.1.4`
note: To improve backtraces for build dependencies, set the CARGO_PROFILE_DEV_BUILD_OVERRIDE_DEBUG=true environment variable to enable debug information generation.

Caused by:
  process didn't exit successfully: `/home/Hermit/stellar/target/debug/build/libudev-sys-5122c03c0ecc0677/build-script-build` (exit status: 101)
  --- stdout
  cargo:rerun-if-env-changed=LIBUDEV_NO_PKG_CONFIG
  cargo:rerun-if-env-changed=PKG_CONFIG_x86_64-unknown-linux-gnu
  cargo:rerun-if-env-changed=PKG_CONFIG_x86_64_unknown_linux_gnu
  cargo:rerun-if-env-changed=HOST_PKG_CONFIG
  cargo:rerun-if-env-changed=PKG_CONFIG
  cargo:rerun-if-env-changed=LIBUDEV_STATIC
  cargo:rerun-if-env-changed=LIBUDEV_DYNAMIC
  cargo:rerun-if-env-changed=PKG_CONFIG_ALL_STATIC
  cargo:rerun-if-env-changed=PKG_CONFIG_ALL_DYNAMIC
  cargo:rerun-if-env-changed=PKG_CONFIG_PATH_x86_64-unknown-linux-gnu
  cargo:rerun-if-env-changed=PKG_CONFIG_PATH_x86_64_unknown_linux_gnu
  cargo:rerun-if-env-changed=HOST_PKG_CONFIG_PATH
  cargo:rerun-if-env-changed=PKG_CONFIG_PATH
  cargo:rerun-if-env-changed=PKG_CONFIG_LIBDIR_x86_64-unknown-linux-gnu
  cargo:rerun-if-env-changed=PKG_CONFIG_LIBDIR_x86_64_unknown_linux_gnu
  cargo:rerun-if-env-changed=HOST_PKG_CONFIG_LIBDIR
  cargo:rerun-if-env-changed=PKG_CONFIG_LIBDIR
  cargo:rerun-if-env-changed=PKG_CONFIG_SYSROOT_DIR_x86_64-unknown-linux-gnu
  cargo:rerun-if-env-changed=PKG_CONFIG_SYSROOT_DIR_x86_64_unknown_linux_gnu
  cargo:rerun-if-env-changed=HOST_PKG_CONFIG_SYSROOT_DIR
  cargo:rerun-if-env-changed=PKG_CONFIG_SYSROOT_DIR

  --- stderr

  thread 'main' (25696) panicked at /home/Hermit/.cargo/registry/src/index.crates.io-1949cf8c6b5b557f/libudev-sys-0.1.4/build.rs:38:41:
  called `Result::unwrap()` on an `Err` value: "\npkg-config exited with status code 1\n> PKG_CONFIG_ALLOW_SYSTEM_LIBS=1 PKG_CONFIG_ALLOW_SYSTEM_CFLAGS=1 pkg-config --libs --cflags libudev\n\nThe system library `libudev` required by crate `libudev-sys` was not found.\nThe file `libudev.pc` needs to be installed and the PKG_CONFIG_PATH environment variable must contain its parent directory.\nThe PKG_CONFIG_PATH environment variable is not set.\n\nHINT: if you have installed the library, try setting PKG_CONFIG_PATH to the directory containing `libudev.pc`.\n"
  stack backtrace:
     0: __rustc::rust_begin_unwind
               at /builddir/build/BUILD/rust-1.92.0-build/rustc-1.92.0-src/library/std/src/panicking.rs:698:5
     1: core::panicking::panic_fmt
               at /builddir/build/BUILD/rust-1.92.0-build/rustc-1.92.0-src/library/core/src/panicking.rs:80:14
     2: core::result::unwrap_failed
               at /builddir/build/BUILD/rust-1.92.0-build/rustc-1.92.0-src/library/core/src/result.rs:1862:5
     3: build_script_build::main
     4: core::ops::function::FnOnce::call_once
  note: Some details are omitted, run with `RUST_BACKTRACE=full` for a verbose backtrace.
error: failed to run custom build command for `libdisplay-info-sys v0.3.0`
note: To improve backtraces for build dependencies, set the CARGO_PROFILE_DEV_BUILD_OVERRIDE_DEBUG=true environment variable to enable debug information generation.

Caused by:
  process didn't exit successfully: `/home/Hermit/stellar/target/debug/build/libdisplay-info-sys-7026c739b53215a2/build-script-build` (exit status: 101)
  --- stdout
  cargo:rerun-if-changed=/home/Hermit/.cargo/registry/src/index.crates.io-1949cf8c6b5b557f/libdisplay-info-sys-0.3.0/Cargo.toml
  cargo:rerun-if-env-changed=LIBDISPLAY_INFO_NO_PKG_CONFIG
  cargo:rerun-if-env-changed=PKG_CONFIG_x86_64-unknown-linux-gnu
  cargo:rerun-if-env-changed=PKG_CONFIG_x86_64_unknown_linux_gnu
  cargo:rerun-if-env-changed=HOST_PKG_CONFIG
  cargo:rerun-if-env-changed=PKG_CONFIG
  cargo:rerun-if-env-changed=PKG_CONFIG_PATH_x86_64-unknown-linux-gnu
  cargo:rerun-if-env-changed=PKG_CONFIG_PATH_x86_64_unknown_linux_gnu
  cargo:rerun-if-env-changed=HOST_PKG_CONFIG_PATH
  cargo:rerun-if-env-changed=PKG_CONFIG_PATH
  cargo:rerun-if-env-changed=PKG_CONFIG_LIBDIR_x86_64-unknown-linux-gnu
  cargo:rerun-if-env-changed=PKG_CONFIG_LIBDIR_x86_64_unknown_linux_gnu
  cargo:rerun-if-env-changed=HOST_PKG_CONFIG_LIBDIR
  cargo:rerun-if-env-changed=PKG_CONFIG_LIBDIR
  cargo:rerun-if-env-changed=PKG_CONFIG_SYSROOT_DIR_x86_64-unknown-linux-gnu
  cargo:rerun-if-env-changed=PKG_CONFIG_SYSROOT_DIR_x86_64_unknown_linux_gnu
  cargo:rerun-if-env-changed=HOST_PKG_CONFIG_SYSROOT_DIR
  cargo:rerun-if-env-changed=PKG_CONFIG_SYSROOT_DIR

  --- stderr

  thread 'main' (25701) panicked at /home/Hermit/.cargo/registry/src/index.crates.io-1949cf8c6b5b557f/libdisplay-info-sys-0.3.0/build.rs:9:51:
  called `Result::unwrap()` on an `Err` value: PkgConfig(
  pkg-config exited with status code 1
  > PKG_CONFIG_ALLOW_SYSTEM_CFLAGS=1 pkg-config --libs --cflags libdisplay-info 'libdisplay-info >= 0.1.0' 'libdisplay-info < 0.4.0'

  The system library `libdisplay-info` required by crate `libdisplay-info-sys` was not found.
  The file `libdisplay-info.pc` needs to be installed and the PKG_CONFIG_PATH environment variable must contain its parent directory.
  The PKG_CONFIG_PATH environment variable is not set.

  HINT: if you have installed the library, try setting PKG_CONFIG_PATH to the directory containing `libdisplay-info.pc`.
  )
  stack backtrace:
     0: __rustc::rust_begin_unwind
               at /builddir/build/BUILD/rust-1.92.0-build/rustc-1.92.0-src/library/std/src/panicking.rs:698:5
     1: core::panicking::panic_fmt
               at /builddir/build/BUILD/rust-1.92.0-build/rustc-1.92.0-src/library/core/src/panicking.rs:80:14
     2: core::result::unwrap_failed
               at /builddir/build/BUILD/rust-1.92.0-build/rustc-1.92.0-src/library/core/src/result.rs:1862:5
     3: build_script_build::main
     4: core::ops::function::FnOnce::call_once
  note: Some details are omitted, run with `RUST_BACKTRACE=full` for a verbose backtrace.
